This is pdfTeX, Version 3.14159265-2.6-1.40.19 (MiKTeX 2.9.6650) (preloaded format=pdflatex 2018.4.16)  20 APR 2018 01:29
entering extended mode
**./abhishekRai_resume.tex
(abhishekRai_resume.tex
LaTeX2e <2018-04-01> patch level 2
Babel <3.18> and hyphenation patterns for 0 language(s) loaded.
(/home/dedsec/.miktex/texmfs/install/tex/latex/base/article.cls
Document Class: article 2014/09/29 v1.4h Standard LaTeX document class
(/home/dedsec/.miktex/texmfs/install/tex/latex/base/size11.clo
File: size11.clo 2014/09/29 v1.4h Standard LaTeX file (size option)
)
\c@part=\count80
\c@section=\count81
\c@subsection=\count82
\c@subsubsection=\count83
\c@paragraph=\count84
\c@subparagraph=\count85
\c@figure=\count86
\c@table=\count87
\abovecaptionskip=\skip41
\belowcaptionskip=\skip42
\bibindent=\dimen102
)
(/home/dedsec/.miktex/texmfs/install/tex/latex/graphics/graphicx.sty
Package: graphicx 2017/06/01 v1.1a Enhanced LaTeX Graphics (DPC,SPQR)

(/home/dedsec/.miktex/texmfs/install/tex/latex/graphics/keyval.sty
Package: keyval 2014/10/28 v1.15 key=value parser (DPC)
\KV@toks@=\toks14
)
(/home/dedsec/.miktex/texmfs/install/tex/latex/graphics/graphics.sty
Package: graphics 2017/06/25 v1.2c Standard LaTeX Graphics (DPC,SPQR)

(/home/dedsec/.miktex/texmfs/install/tex/latex/graphics/trig.sty
Package: trig 2016/01/03 v1.10 sin cos tan (DPC)
)
(/home/dedsec/.miktex/texmfs/install/tex/latex/graphics-cfg/graphics.cfg
File: graphics.cfg 2016/06/04 v1.11 sample graphics configuration
)
Package graphics Info: Driver file: pdftex.def on input line 99.

(/home/dedsec/.miktex/texmfs/install/tex/latex/graphics-def/pdftex.def
File: pdftex.def 2018/01/08 v1.0l Graphics/color driver for pdftex
))
\Gin@req@height=\dimen103
\Gin@req@width=\dimen104
)
(/home/dedsec/.miktex/texmfs/install/tex/latex/wrapfig/wrapfig.sty
\wrapoverhang=\dimen105
\WF@size=\dimen106
\c@WF@wrappedlines=\count88
\WF@box=\box26
\WF@everypar=\toks15
Package: wrapfig 2003/01/31  v 3.6
)
\outerbordwidth=\skip43

(/home/dedsec/.miktex/texmfs/install/tex/latex/xcolor/xcolor.sty
Package: xcolor 2016/05/11 v2.12 LaTeX color extensions (UK)

(/home/dedsec/.miktex/texmfs/install/tex/latex/graphics-cfg/color.cfg
File: color.cfg 2016/01/02 v1.6 sample color configuration
)
Package xcolor Info: Driver file: pdftex.def on input line 225.
Package xcolor Info: Model `cmy' substituted by `cmy0' on input line 1348.
Package xcolor Info: Model `hsb' substituted by `rgb' on input line 1352.
Package xcolor Info: Model `RGB' extended on input line 1364.
Package xcolor Info: Model `HTML' substituted by `rgb' on input line 1366.
Package xcolor Info: Model `Hsb' substituted by `hsb' on input line 1367.
Package xcolor Info: Model `tHsb' substituted by `hsb' on input line 1368.
Package xcolor Info: Model `HSB' substituted by `hsb' on input line 1369.
Package xcolor Info: Model `Gray' substituted by `gray' on input line 1370.
Package xcolor Info: Model `wave' substituted by `hsb' on input line 1371.

(/home/dedsec/.miktex/texmfs/install/tex/latex/xcolor/svgnam.def
File: svgnam.def 2016/05/11 v2.12 Predefined colors according to SVG 1.1 (UK)
))
(/home/dedsec/.miktex/texmfs/install/tex/latex/framed/framed.sty
Package: framed 2011/10/22 v 0.96: framed or shaded text with page breaks
\OuterFrameSep=\skip44
\fb@frw=\dimen107
\fb@frh=\dimen108
\FrameRule=\dimen109
\FrameSep=\dimen110
)
(/home/dedsec/.miktex/texmfs/install/tex/latex/tocloft/tocloft.sty
Package: tocloft 2017/08/31 v2.3i parameterised ToC, etc., typesetting
Package tocloft Info: The document has section divisions on input line 51.
\cftparskip=\skip45
\cftbeforetoctitleskip=\skip46
\cftaftertoctitleskip=\skip47
\cftbeforepartskip=\skip48
\cftpartnumwidth=\skip49
\cftpartindent=\skip50
\cftbeforesecskip=\skip51
\cftsecindent=\skip52
\cftsecnumwidth=\skip53
\cftbeforesubsecskip=\skip54
\cftsubsecindent=\skip55
\cftsubsecnumwidth=\skip56
\cftbeforesubsubsecskip=\skip57
\cftsubsubsecindent=\skip58
\cftsubsubsecnumwidth=\skip59
\cftbeforeparaskip=\skip60
\cftparaindent=\skip61
\cftparanumwidth=\skip62
\cftbeforesubparaskip=\skip63
\cftsubparaindent=\skip64
\cftsubparanumwidth=\skip65
\cftbeforeloftitleskip=\skip66
\cftafterloftitleskip=\skip67
\cftbeforefigskip=\skip68
\cftfigindent=\skip69
\cftfignumwidth=\skip70
\c@lofdepth=\count89
\c@lotdepth=\count90
\cftbeforelottitleskip=\skip71
\cftafterlottitleskip=\skip72
\cftbeforetabskip=\skip73
\cfttabindent=\skip74
\cfttabnumwidth=\skip75
)
(/home/dedsec/.miktex/texmfs/install/tex/latex/amsmath/amsmath.sty
Package: amsmath 2017/09/02 v2.17a AMS math features
\@mathmargin=\skip76

For additional information on amsmath, use the `?' option.
(/home/dedsec/.miktex/texmfs/install/tex/latex/amsmath/amstext.sty
Package: amstext 2000/06/29 v2.01 AMS text

(/home/dedsec/.miktex/texmfs/install/tex/latex/amsmath/amsgen.sty
File: amsgen.sty 1999/11/30 v2.0 generic functions
\@emptytoks=\toks16
\ex@=\dimen111
))
(/home/dedsec/.miktex/texmfs/install/tex/latex/amsmath/amsbsy.sty
Package: amsbsy 1999/11/29 v1.2d Bold Symbols
\pmbraise@=\dimen112
)
(/home/dedsec/.miktex/texmfs/install/tex/latex/amsmath/amsopn.sty
Package: amsopn 2016/03/08 v2.02 operator names
)
\inf@bad=\count91
LaTeX Info: Redefining \frac on input line 213.
\uproot@=\count92
\leftroot@=\count93
LaTeX Info: Redefining \overline on input line 375.
\classnum@=\count94
\DOTSCASE@=\count95
LaTeX Info: Redefining \ldots on input line 472.
LaTeX Info: Redefining \dots on input line 475.
LaTeX Info: Redefining \cdots on input line 596.
\Mathstrutbox@=\box27
\strutbox@=\box28
\big@size=\dimen113
LaTeX Font Info:    Redeclaring font encoding OML on input line 712.
LaTeX Font Info:    Redeclaring font encoding OMS on input line 713.
\macc@depth=\count96
\c@MaxMatrixCols=\count97
\dotsspace@=\muskip10
\c@parentequation=\count98
\dspbrk@lvl=\count99
\tag@help=\toks17
\row@=\count100
\column@=\count101
\maxfields@=\count102
\andhelp@=\toks18
\eqnshift@=\dimen114
\alignsep@=\dimen115
\tagshift@=\dimen116
\tagwidth@=\dimen117
\totwidth@=\dimen118
\lineht@=\dimen119
\@envbody=\toks19
\multlinegap=\skip77
\multlinetaggap=\skip78
\mathdisplay@stack=\toks20
LaTeX Info: Redefining \[ on input line 2817.
LaTeX Info: Redefining \] on input line 2818.
)
(/home/dedsec/.miktex/texmfs/install/tex/latex/etoolbox/etoolbox.sty
Package: etoolbox 2018/02/11 v2.5e e-TeX tools for LaTeX (JAW)
\etb@tempcnta=\count103
)
(abhishekRai_resume.aux)
\openout1 = `abhishekRai_resume.aux'.

LaTeX Font Info:    Checking defaults for OML/cmm/m/it on input line 77.
LaTeX Font Info:    ... okay on input line 77.
LaTeX Font Info:    Checking defaults for T1/cmr/m/n on input line 77.
LaTeX Font Info:    ... okay on input line 77.
LaTeX Font Info:    Checking defaults for OT1/cmr/m/n on input line 77.
LaTeX Font Info:    ... okay on input line 77.
LaTeX Font Info:    Checking defaults for OMS/cmsy/m/n on input line 77.
LaTeX Font Info:    ... okay on input line 77.
LaTeX Font Info:    Checking defaults for OMX/cmex/m/n on input line 77.
LaTeX Font Info:    ... okay on input line 77.
LaTeX Font Info:    Checking defaults for U/cmr/m/n on input line 77.
LaTeX Font Info:    ... okay on input line 77.

(/home/dedsec/.miktex/texmfs/install/tex/context/base/supp-pdf.mkii
[Loading MPS to PDF converter (version 2006.09.02).]
\scratchcounter=\count104
\scratchdimen=\dimen120
\scratchbox=\box29
\nofMPsegments=\count105
\nofMParguments=\count106
\everyMPshowfont=\toks21
\MPscratchCnt=\count107
\MPscratchDim=\dimen121
\MPnumerator=\count108
\makeMPintoPDFobject=\count109
\everyMPtoPDFconversion=\toks22
) (/home/dedsec/.miktex/texmfs/install/tex/latex/oberdiek/epstopdf-base.sty
Package: epstopdf-base 2016/05/15 v2.6 Base part for package epstopdf

(/home/dedsec/.miktex/texmfs/install/tex/generic/oberdiek/infwarerr.sty
Package: infwarerr 2016/05/16 v1.4 Providing info/warning/error messages (HO)
)
(/home/dedsec/.miktex/texmfs/install/tex/latex/oberdiek/grfext.sty
Package: grfext 2016/05/16 v1.2 Manage graphics extensions (HO)

(/home/dedsec/.miktex/texmfs/install/tex/generic/oberdiek/kvdefinekeys.sty
Package: kvdefinekeys 2016/05/16 v1.4 Define keys (HO)

(/home/dedsec/.miktex/texmfs/install/tex/generic/oberdiek/ltxcmds.sty
Package: ltxcmds 2016/05/16 v1.23 LaTeX kernel commands for general use (HO)
)))
(/home/dedsec/.miktex/texmfs/install/tex/latex/oberdiek/kvoptions.sty
Package: kvoptions 2016/05/16 v3.12 Key value format for package options (HO)

(/home/dedsec/.miktex/texmfs/install/tex/generic/oberdiek/kvsetkeys.sty
Package: kvsetkeys 2016/05/16 v1.17 Key value parser (HO)

(/home/dedsec/.miktex/texmfs/install/tex/generic/oberdiek/etexcmds.sty
Package: etexcmds 2016/05/16 v1.6 Avoid name clashes with e-TeX commands (HO)

(/home/dedsec/.miktex/texmfs/install/tex/generic/oberdiek/ifluatex.sty
Package: ifluatex 2016/05/16 v1.4 Provides the ifluatex switch (HO)
Package ifluatex Info: LuaTeX not detected.
)
Package etexcmds Info: Could not find \expanded.
(etexcmds)             That can mean that you are not using pdfTeX 1.50 or
(etexcmds)             that some package has redefined \expanded.
(etexcmds)             In the latter case, load this package earlier.
)))
(/home/dedsec/.miktex/texmfs/install/tex/generic/oberdiek/pdftexcmds.sty
Package: pdftexcmds 2018/01/30 v0.27 Utility functions of pdfTeX for LuaTeX (HO
)

(/home/dedsec/.miktex/texmfs/install/tex/generic/oberdiek/ifpdf.sty
Package: ifpdf 2017/03/15 v3.2 Provides the ifpdf switch
)
Package pdftexcmds Info: LuaTeX not detected.
Package pdftexcmds Info: \pdf@primitive is available.
Package pdftexcmds Info: \pdf@ifprimitive is available.
Package pdftexcmds Info: \pdfdraftmode found.
)
Package epstopdf-base Info: Redefining graphics rule for `.eps' on input line 4
38.
Package grfext Info: Graphics extension search list:
(grfext)             [.pdf,.png,.jpg,.mps,.jpeg,.jbig2,.jb2,.PDF,.PNG,.JPG,.JPE
G,.JBIG2,.JB2,.eps]
(grfext)             \AppendGraphicsExtensions on input line 456.
)
<PHOTO.jpg, id=1, 160.6pt x 208.78pt>
File: PHOTO.jpg Graphic file (type jpg)
<use PHOTO.jpg>
Package pdftex.def Info: PHOTO.jpg  used on input line 82.
(pdftex.def)             Requested size: 71.13188pt x 92.47194pt.

Overfull \hbox (49.14474pt too wide) in paragraph at lines 109--123
 [] 
 []


Overfull \vbox (18.06749pt too high) has occurred while \output is active []


[1

{/home/dedsec/.miktex/texmfs/data/pdftex/config/pdftex.map} <./PHOTO.jpg>]
LaTeX Font Info:    Try loading font information for OMS+cmr on input line 170.


(/home/dedsec/.miktex/texmfs/install/tex/latex/base/omscmr.fd
File: omscmr.fd 2014/09/29 v2.5h Standard LaTeX font definitions
)
LaTeX Font Info:    Font shape `OMS/cmr/m/n' in size <10.95> not available
(Font)              Font shape `OMS/cmsy/m/n' tried instead on input line 170.

Overfull \vbox (18.06749pt too high) has occurred while \output is active []


[2] (abhishekRai_resume.aux) ) 
Here is how much of TeX's memory you used:
 3387 strings out of 494894
 45314 string characters out of 3178672
 126940 words of memory out of 3000000
 6972 multiletter control sequences out of 15000+200000
 7966 words of font info for 29 fonts, out of 3000000 for 9000
 0 hyphenation exceptions out of 8191
 41i,8n,35p,806b,263s stack positions out of 5000i,500n,10000p,200000b,50000s
</home/dedsec/.miktex/texmfs/install/fonts/type1/
public/amsfonts/cm/cmbx10.pfb></home/dedsec/.miktex/texmfs/install/fonts/type1/
public/amsfonts/cm/cmbx12.pfb></home/dedsec/.miktex/texmfs/install/fonts/type1/
public/amsfonts/cm/cmr10.pfb></home/dedsec/.miktex/texmfs/install/fonts/type1/p
ublic/amsfonts/cm/cmsy10.pfb>
Output written on abhishekRai_resume.pdf (2 pages, 72516 bytes).
PDF statistics:
 26 PDF objects out of 1000 (max. 8388607)
 0 named destinations out of 1000 (max. 500000)
 6 words of extra memory for PDF output out of 10000 (max. 10000000)

